<?xml version="1.0" encoding="UTF-8"?>
<testng-results ignored="0" total="1" passed="1" failed="0" skipped="0">
  <reporter-output>
  </reporter-output>
  <suite started-at="2023-03-28T15:58:44 IST" name="Default suite" finished-at="2023-03-28T15:58:47 IST" duration-ms="2914">
    <groups>
    </groups>
    <test started-at="2023-03-28T15:58:44 IST" name="Default test" finished-at="2023-03-28T15:58:47 IST" duration-ms="2914">
      <class name="Simply.GithubSimply">
        <test-method signature="setup()[pri:0, instance:Simply.GithubSimply@1329eff]" started-at="2023-03-28T15:58:44 IST" name="setup" finished-at="2023-03-28T15:58:47 IST" duration-ms="2874" status="PASS">
          <reporter-output>
          </reporter-output>
        </test-method> <!-- setup -->
      </class> <!-- Simply.GithubSimply -->
    </test> <!-- Default test -->
  </suite> <!-- Default suite -->
</testng-results>
